<?xml version="1.0" encoding="UTF-8"?>
<!-- Generated by org.testng.reporters.JUnitReportReporter -->
<testsuite hostname="vishakha-pc" failures="0" tests="1" name="fileuploadwithtestng.dropdownwithtestng" time="4.670" errors="0" timestamp="25 Mar 2023 11:22:41 GMT">
  <testcase classname="fileuploadwithtestng.dropdownwithtestng" name="dropdown" time="4.670"/>
</testsuite> <!-- fileuploadwithtestng.dropdownwithtestng -->
