<?xml version="1.0" encoding="UTF-8"?>
<!-- Generated by org.testng.reporters.JUnitReportReporter -->
<testsuite hostname="vishakha-pc" failures="0" tests="1" name="radiobutton.radiobutton" time="7.054" errors="0" timestamp="19 Mar 2023 10:23:46 GMT">
  <testcase classname="radiobutton.radiobutton" name="radio" time="7.054"/>
</testsuite> <!-- radiobutton.radiobutton -->
