<?xml version="1.0" encoding="UTF-8"?>
<!-- Generated by org.testng.reporters.JUnitReportReporter -->
<testsuite hostname="vishakha-pc" failures="0" tests="1" name="Practiceradiodropdown.Radiobuttonpractice" time="4.255" errors="0" timestamp="19 Mar 2023 11:50:01 GMT">
  <testcase classname="Practiceradiodropdown.Radiobuttonpractice" name="radio" time="4.255"/>
</testsuite> <!-- Practiceradiodropdown.Radiobuttonpractice -->
