<?xml version="1.0" encoding="UTF-8"?>
<!-- Generated by org.testng.reporters.JUnitReportReporter -->
<testsuite hostname="vishakha-pc" failures="0" tests="1" name="Practiceradiodropdown.Dropdownpractice" time="4.598" errors="0" timestamp="19 Mar 2023 11:50:01 GMT">
  <testcase classname="Practiceradiodropdown.Dropdownpractice" name="dropdown" time="4.598"/>
</testsuite> <!-- Practiceradiodropdown.Dropdownpractice -->
