<?xml version="1.0" encoding="UTF-8"?>
<!-- Generated by org.testng.reporters.JUnitReportReporter -->
<testsuite hostname="vishakha-pc" failures="0" tests="3" name="loginpage" time="5.592" errors="0" timestamp="12 Mar 2023 09:00:21 GMT">
  <testcase classname="loginpage" name="verifyUrl" time="0.194"/>
  <testcase classname="loginpage" name="VeryTile" time="0.013"/>
  <testcase classname="loginpage" name="login" time="5.385"/>
</testsuite> <!-- loginpage -->
