<?xml version="1.0" encoding="UTF-8"?>
<!-- Generated by org.testng.reporters.JUnitReportReporter -->
<testsuite hostname="vishakha-pc" failures="0" tests="1" name="test.url" time="0.399" errors="0" timestamp="19 Mar 2023 10:47:11 GMT">
  <testcase classname="test.url" name="urls" time="0.399"/>
</testsuite> <!-- test.url -->
