<?xml version="1.0" encoding="UTF-8"?>
<!-- Generated by org.testng.reporters.JUnitReportReporter -->
<testsuite hostname="vishakha-pc" failures="0" tests="1" name="test.verifylogin" time="4.736" errors="0" timestamp="19 Mar 2023 10:47:11 GMT">
  <testcase classname="test.verifylogin" name="login" time="4.736"/>
</testsuite> <!-- test.verifylogin -->
