<?xml version="1.0" encoding="UTF-8"?>
<!-- Generated by org.testng.reporters.JUnitReportReporter -->
<testsuite hostname="vishakha-pc" failures="0" tests="1" name="Practiceradiodropdown.Textarea" time="12.808" errors="0" timestamp="19 Mar 2023 11:50:01 GMT">
  <testcase classname="Practiceradiodropdown.Textarea" name="text" time="12.808"/>
</testsuite> <!-- Practiceradiodropdown.Textarea -->
